
 ++++++++++++++++++++++++++++++++++++++++++++++++++++++++++++++++++++
 +  XL  -  CRYSTAL STRUCTURE REFINEMENT  -  SHELXTL Ver. 6.12 UNIX  +
 +  Copyright(c) 2001 Bruker-AXS               All Rights Reserved  +
 +  anilin                      started at 18:44:56 on 14-Apr-2008  +
 ++++++++++++++++++++++++++++++++++++++++++++++++++++++++++++++++++++

 TITL anilin in P2(1)/c
 CELL 0.71073  21.645   5.833   8.319  90.00 101.12  90.00
 ZERR    8.00   0.018   0.007   0.006   0.00   0.03   0.00
 LATT  1
 SYMM -X, 0.5+Y, 0.5-Z
 SFAC C H N
 UNIT 48 56 8

 V =     1030.60     F(000) =     400.0     Mu =   0.07 mm-1      Cell Wt =      745.01    Rho =  1.200

 L.S. 4
 BOND
 FMAP 2
 PLAN 20
 temp -120
 size 0.8 0.6 0.4
 rem twin 1 0 1 0 -1 0 0 0 -1
 REM  anilin in P2(1)/c
 REM R1 =  0.0890 for   1505 Fo > 4sig(Fo)  and  0.1004 for all   1790 data
 REM    127 parameters refined using      0 restraints
 sadi n21 h21a n21 h21b n11 h11a n11 h11b
 sadi h11a h11b h21a h21b
 htab
 rem BASF   0.07343
 rem WGHT    0.035300    1.150100
 WGHT      0.0350      1.1523
 EXTI    0.024769
 FVAR       0.24760
 N21     3   0.19229   0.71296   0.18294    11.00000     0.02857   0.03975 =
         0.03526  -0.00713   0.00676  -0.00495
 H21A    2   0.17498   0.59377   0.11901    11.00000     0.04021
 H21B    2   0.22056   0.77164   0.12707    11.00000     0.03911
 C21     1   0.15556   0.86940   0.24896    11.00000     0.02605   0.03166 =
         0.02461   0.00272  -0.00023   0.00152
 C26     1   0.17897   1.08317   0.30662    11.00000     0.02699   0.03563 =
         0.02946   0.00398   0.00216  -0.00658
 AFIX  43
 H26     2   0.21991   1.12790   0.29357    11.00000    -1.20000
 AFIX   0
 C23     1   0.06001   0.95872   0.34573    11.00000     0.02257   0.04437 =
         0.04398   0.00604   0.00483   0.00184
 AFIX  43
 H23     2   0.01891   0.91536   0.35836    11.00000    -1.20000
 AFIX   0
 C25     1   0.14372   1.23072   0.38222    11.00000     0.03397   0.03079 =
         0.03360   0.00033   0.00077  -0.00152
 AFIX  43
 H25     2   0.16051   1.37607   0.41923    11.00000    -1.20000
 AFIX   0
 C24     1   0.08391   1.16924   0.40491    11.00000     0.03325   0.03877 =
         0.03669   0.00138   0.00435   0.00784
 AFIX  43
 H24     2   0.06006   1.26901   0.45957    11.00000    -1.20000
 AFIX   0
 C22     1   0.09450   0.81175   0.26931    11.00000     0.02445   0.03563 =
         0.03658   0.00172  -0.00208  -0.00475
 AFIX  43
 H22     2   0.07685   0.66875   0.22951    11.00000    -1.20000
 AFIX   0
 N11     3   0.30974   0.74665   0.97798    11.00000     0.03018   0.04406 =
         0.03952  -0.00486  -0.00097  -0.00509
 H11A    2   0.32769   0.63322   0.92952    11.00000     0.09490
 H11B    2   0.27939   0.80612   0.89954    11.00000     0.05049
 C11     1   0.34668   0.89735   1.08460    11.00000     0.02047   0.03742 =
         0.02995   0.00009   0.00651  -0.00404
 C12     1   0.32336   1.11066   1.11761    11.00000     0.02223   0.04106 =
         0.03118   0.00540   0.00530   0.00228
 AFIX  43
 H12     2   0.28322   1.15830   1.05977    11.00000    -1.20000
 AFIX   0
 C15     1   0.44033   0.97652   1.28453    11.00000     0.02291   0.04792 =
         0.03741   0.00079   0.00037  -0.00463
 AFIX  43
 H15     2   0.48083   0.93032   1.34094    11.00000    -1.20000
 AFIX   0
 C16     1   0.40632   0.83242   1.16901    11.00000     0.02477   0.03234 =
         0.03751   0.00026   0.00552   0.00172
 AFIX  43
 H16     2   0.42345   0.68858   1.14669    11.00000    -1.20000
 AFIX   0
 C13     1   0.35794   1.25499   1.23395    11.00000     0.04029   0.03130 =
         0.03693  -0.00030   0.01567   0.00234
 AFIX  43
 H13     2   0.34154   1.40060   1.25510    11.00000    -1.20000
 AFIX   0
 C14     1   0.41690   1.18574   1.31987    11.00000     0.03431   0.04063 =
         0.03629  -0.00467   0.00387  -0.01140
 AFIX  43
 H14     2   0.44047   1.28182   1.40156    11.00000    -1.20000
  
 HKLF 4


 Covalent radii and connectivity table for  anilin in P2(1)/c                                                          

 C    0.770
 H    0.320
 N    0.700

 N21 - C21
 C21 - N21 C26 C22
 C26 - C25 C21
 C23 - C22 C24
 C25 - C26 C24
 C24 - C23 C25
 C22 - C23 C21
 N11 - C11
 C11 - N11 C12 C16
 C12 - C13 C11
 C15 - C14 C16
 C16 - C15 C11
 C13 - C12 C14
 C14 - C15 C13


   h   k   l       Fo^2      Sigma      Why rejected

   2   0   1        0.38      0.08     observed but should be systematically absent
   0   1   0        0.49      0.10     observed but should be systematically absent
   5   0   1        0.68      0.17     observed but should be systematically absent
   0   1   0        0.50      0.11     observed but should be systematically absent
  -5   0   1        0.86      0.21     observed but should be systematically absent
  -6   0   1        1.13      0.20     observed but should be systematically absent


    6789  Reflections read, of which   404  rejected

 -25 =< h =< 25,     -6 =< k =<  6,     -9 =< l =<  9,   Max. 2-theta =   50.04

       6  Systematic absence violations



 Inconsistent equivalents etc.

   h   k   l      Fo^2   Sigma(Fo^2)  N  Esd of mean(Fo^2)

   4   0   0      723.88      1.58    4     48.32
   6   0   0       31.75      0.19    4      2.52
   8   0   0      489.35      1.10    4     34.88
  12   0   0      121.14      0.54    4      8.75
  13   0   0        0.64      0.07    3      0.69
   1   1   0       19.70      0.09    7      1.07
   3   1   0       25.78      0.12    8      1.06
   7   1   0       14.09      0.11    8      0.57
   9   1   0       66.27      0.25    8      2.88
  11   1   0       35.59      0.20    8      1.56
   0   2   0      293.28      0.74    4      9.22
   2   2   0       50.64      0.19    8      1.22
   4   2   0       91.73      0.30    7      2.74
  10   2   0       59.53      0.28    8      2.38
  18   2   0       56.22      0.34    8      2.00
   3   3   0       90.98      0.41    5      2.74
   9   3   0      105.24      0.47    6      3.57
 -11   1   1       66.42      0.39    4      5.85
  -8   1   1       21.90      0.20    4      1.83
  -7   1   1       33.77      0.23    4      2.88
  -6   1   1       15.71      0.16    4      1.43
  -4   1   1       23.26      0.17    4      2.00
  -3   1   1      336.78      0.73    4     28.21
  -2   1   1       63.63      0.24    4      3.57
  -1   1   1       46.26      0.20    4      1.98
   1   1   1      407.40      0.86    4     10.06
   2   1   1       71.59      0.29    4      6.92
   3   1   1       32.35      0.22    4      1.14
   5   1   1       10.92      0.13    4      0.68
   6   1   1       36.38      0.25    4      1.68
   7   1   1       22.17      0.21    4      1.25
   9   1   1       39.93      0.29    4      1.71
 -20   2   1       23.73      0.34    4      1.69
  -8   2   1       29.87      0.26    4      2.41
  -7   2   1       27.80      0.24    4      2.20
  -6   2   1       10.51      0.14    4      0.78
  -2   2   1       31.89      0.23    4      1.37
   1   2   1        4.78      0.10    4      0.52
  10   2   1       25.46      0.27    4      1.46
  -7   3   1       23.56      0.32    3      1.81
  -3   3   1       56.97      0.42    3      3.89
  -2   3   1        3.76      0.13    3      0.67
   1   3   1       41.26      0.45    2      3.98
 -14   0   2       48.43      0.56    2      7.30
 -13   0   2       65.11      0.60    2      9.76
 -10   0   2       34.47      0.37    2      6.30
  -9   0   2        7.29      0.18    2      1.16
  -8   0   2        5.74      0.15    2      0.80
  -6   0   2      114.83      0.58    2     19.35
  -5   0   2      550.86      1.60    2     86.73

 ** etc. **

     154  Inconsistent equivalents

    1790  Unique reflections, of which      0  suppressed

 R(int) = 0.1090     R(sigma) = 0.0734      Friedel opposites merged

 Maximum memory for data reduction =  1415 /   17664



 Default effective X-H distances for T = -120.0 C

 AFIX m =    1     2     3     4   4[N]  3[N]  15[B]  8[O]   9   9[N]   16
 d(X-H) =  1.00  0.99  0.98  0.95  0.88  0.91  1.12  0.84  0.95  0.88  0.95

 Note that these distances are chosen to give the best fit to the X-ray data
 and so avoid the introduction of systematic error.  The true internuclear
 distances are longer and do not vary with temperature !  The apparent
 variation with temperature is caused by libration.


 Least-squares cycle   1      Maximum vector length =  511      Memory required =   1811 /  179869

 wR2 =  0.1980 before cycle   1 for   1790 data and   144 /   144 parameters


 Summary of restraints applied in cycle    1

                 ANTIBUMP   DFIX     DANG  SAME/SADI  CHIV/Z  CHIV/NZ    FLAT     DELU     SIMU     ISOR     SUMP

        Number       0.       0.       0.       7.       0.       0.       0.       0.       0.       0.       0.

 rms sigma        0.000    0.000    0.000    0.020    0.000    0.000    0.000    0.000    0.000    0.000    0.000

 rms deviation    0.000    0.000    0.000    0.008    0.000    0.000    0.000    0.000    0.000    0.000    0.000


 GooF = S =     1.304;     Restrained GooF =      1.302  for      7 restraints

 Weight = 1 / [ sigma^2(Fo^2) + ( 0.0350 * P )^2 +   1.15 * P ]   where  P = ( Max ( Fo^2, 0 ) + 2 * Fc^2 ) / 3


     N      value        esd    shift/esd  parameter

     1     0.24758     0.00151    -0.011    OSF
     2     0.02474     0.00501    -0.006   EXTI    

 Mean shift/esd =   0.003    Maximum =  -0.029 for   x  N21      

 Max. shift = 0.000 A for H11A      Max. dU = 0.000 for H11A       


 Least-squares cycle   2      Maximum vector length =  511      Memory required =   1811 /  179869

 wR2 =  0.1980 before cycle   2 for   1790 data and   144 /   144 parameters


 Summary of restraints applied in cycle    2

                 ANTIBUMP   DFIX     DANG  SAME/SADI  CHIV/Z  CHIV/NZ    FLAT     DELU     SIMU     ISOR     SUMP

        Number       0.       0.       0.       7.       0.       0.       0.       0.       0.       0.       0.

 rms sigma        0.000    0.000    0.000    0.020    0.000    0.000    0.000    0.000    0.000    0.000    0.000

 rms deviation    0.000    0.000    0.000    0.008    0.000    0.000    0.000    0.000    0.000    0.000    0.000


 GooF = S =     1.304;     Restrained GooF =      1.302  for      7 restraints

 Weight = 1 / [ sigma^2(Fo^2) + ( 0.0350 * P )^2 +   1.15 * P ]   where  P = ( Max ( Fo^2, 0 ) + 2 * Fc^2 ) / 3


     N      value        esd    shift/esd  parameter

     1     0.24758     0.00151    -0.002    OSF
     2     0.02473     0.00501    -0.002   EXTI    

 Mean shift/esd =   0.001    Maximum =  -0.011 for   x  N21      

 Max. shift = 0.000 A for H11A      Max. dU = 0.000 for H11A       


 Least-squares cycle   3      Maximum vector length =  511      Memory required =   1811 /  179869

 wR2 =  0.1980 before cycle   3 for   1790 data and   144 /   144 parameters


 Summary of restraints applied in cycle    3

                 ANTIBUMP   DFIX     DANG  SAME/SADI  CHIV/Z  CHIV/NZ    FLAT     DELU     SIMU     ISOR     SUMP

        Number       0.       0.       0.       7.       0.       0.       0.       0.       0.       0.       0.

 rms sigma        0.000    0.000    0.000    0.020    0.000    0.000    0.000    0.000    0.000    0.000    0.000

 rms deviation    0.000    0.000    0.000    0.008    0.000    0.000    0.000    0.000    0.000    0.000    0.000


 GooF = S =     1.304;     Restrained GooF =      1.302  for      7 restraints

 Weight = 1 / [ sigma^2(Fo^2) + ( 0.0350 * P )^2 +   1.15 * P ]   where  P = ( Max ( Fo^2, 0 ) + 2 * Fc^2 ) / 3


     N      value        esd    shift/esd  parameter

     1     0.24758     0.00151     0.000    OSF
     2     0.02472     0.00501     0.000   EXTI    

 Mean shift/esd =   0.000    Maximum =   0.001 for   x  C23      

 Max. shift = 0.000 A for H11A      Max. dU = 0.000 for H11B       


 Least-squares cycle   4      Maximum vector length =  511      Memory required =   1811 /  179869

 wR2 =  0.1980 before cycle   4 for   1790 data and   144 /   144 parameters


 Summary of restraints applied in cycle    4

                 ANTIBUMP   DFIX     DANG  SAME/SADI  CHIV/Z  CHIV/NZ    FLAT     DELU     SIMU     ISOR     SUMP

        Number       0.       0.       0.       7.       0.       0.       0.       0.       0.       0.       0.

 rms sigma        0.000    0.000    0.000    0.020    0.000    0.000    0.000    0.000    0.000    0.000    0.000

 rms deviation    0.000    0.000    0.000    0.008    0.000    0.000    0.000    0.000    0.000    0.000    0.000


 GooF = S =     1.304;     Restrained GooF =      1.302  for      7 restraints

 Weight = 1 / [ sigma^2(Fo^2) + ( 0.0350 * P )^2 +   1.15 * P ]   where  P = ( Max ( Fo^2, 0 ) + 2 * Fc^2 ) / 3


     N      value        esd    shift/esd  parameter

     1     0.24758     0.00151     0.000    OSF
     2     0.02472     0.00501     0.000   EXTI    

 Mean shift/esd =   0.000    Maximum =   0.001 for   y  H21A     

 Max. shift = 0.000 A for H11A      Max. dU = 0.000 for H11B       


 Largest correlation matrix elements

     0.530 EXTI / OSF 



 Idealized hydrogen atom generation before cycle   5

 Name     x       y       z    AFIX  d(X-H)  shift  Bonded to  Conformation determined by

 H26   0.2199  1.1279  0.2936   43   0.950   0.000   C26             C25  C21  
 H23   0.0189  0.9154  0.3584   43   0.950   0.000   C23             C22  C24  
 H25   0.1605  1.3761  0.4192   43   0.950   0.000   C25             C26  C24  
 H24   0.0601  1.2690  0.4596   43   0.950   0.000   C24             C23  C25  
 H22   0.0768  0.6688  0.2295   43   0.950   0.000   C22             C23  C21  
 H12   0.2832  1.1583  1.0598   43   0.950   0.000   C12             C13  C11  
 H15   0.4808  0.9303  1.3409   43   0.950   0.000   C15             C14  C16  
 H16   0.4235  0.6886  1.1467   43   0.950   0.000   C16             C15  C11  
 H13   0.3415  1.4006  1.2551   43   0.950   0.000   C13             C12  C14  
 H14   0.4405  1.2818  1.4016   43   0.950   0.000   C14             C15  C13  



  anilin in P2(1)/c                                                          

 ATOM           x         y         z          sof         U11       U22       U33       U23       U13       U12        Ueq

 N21         0.19229   0.71296   0.18294     1.00000     0.02856   0.03975   0.03526  -0.00714   0.00676  -0.00495    0.03444
   0.00485   0.00012   0.00050   0.00032     0.00000     0.00137   0.00171   0.00144   0.00127   0.00111   0.00119    0.00071

 H21A        0.17498   0.59378   0.11903     1.00000     0.04022
   0.04566   0.00154   0.00503   0.00367     0.00000     0.00963

 H21B        0.22055   0.77162   0.12706     1.00000     0.03909
   0.05883   0.00141   0.00582   0.00365     0.00000     0.00929

 C21         0.15556   0.86940   0.24896     1.00000     0.02605   0.03165   0.02461   0.00272  -0.00023   0.00152    0.02812
   0.00535   0.00013   0.00053   0.00034     0.00000     0.00146   0.00170   0.00139   0.00123   0.00111   0.00123    0.00071

 C26         0.17897   1.08318   0.30662     1.00000     0.02698   0.03563   0.02945   0.00398   0.00216  -0.00658    0.03113
   0.00541   0.00014   0.00056   0.00034     0.00000     0.00149   0.00180   0.00147   0.00136   0.00117   0.00128    0.00074

 H26         0.21991   1.12791   0.29356     1.00000     0.03735
                                             0.00000     0.00000

 C23         0.06001   0.95872   0.34573     1.00000     0.02256   0.04437   0.04398   0.00604   0.00483   0.00184    0.03718
   0.00612   0.00014   0.00061   0.00039     0.00000     0.00144   0.00203   0.00182   0.00156   0.00127   0.00135    0.00082

 H23         0.01891   0.91536   0.35836     1.00000     0.04462
                                             0.00000     0.00000

 C25         0.14372   1.23072   0.38222     1.00000     0.03397   0.03078   0.03360   0.00032   0.00077  -0.00152    0.03355
   0.00577   0.00014   0.00059   0.00036     0.00000     0.00160   0.00172   0.00158   0.00138   0.00125   0.00135    0.00075

 H25         0.16051   1.37607   0.41923     1.00000     0.04026
                                             0.00000     0.00000

 C24         0.08391   1.16924   0.40491     1.00000     0.03325   0.03876   0.03669   0.00138   0.00435   0.00784    0.03655
   0.00618   0.00015   0.00059   0.00039     0.00000     0.00165   0.00191   0.00170   0.00143   0.00132   0.00137    0.00081

 H24         0.06006   1.26902   0.45957     1.00000     0.04387
                                             0.00000     0.00000

 C22         0.09450   0.81175   0.26931     1.00000     0.02444   0.03563   0.03658   0.00172  -0.00208  -0.00475    0.03328
   0.00556   0.00013   0.00057   0.00037     0.00000     0.00150   0.00188   0.00167   0.00137   0.00124   0.00124    0.00079

 H22         0.07685   0.66875   0.22951     1.00000     0.03994
                                             0.00000     0.00000

 N11         0.30974   0.74665   0.97798     1.00000     0.03017   0.04406   0.03952  -0.00486  -0.00098  -0.00509    0.03894
   0.00506   0.00013   0.00057   0.00034     0.00000     0.00141   0.00176   0.00155   0.00141   0.00119   0.00131    0.00074

 H11A        0.32770   0.63326   0.92951     1.00000     0.09487
   0.08634   0.00216   0.00703   0.00525     0.00000     0.01857

 H11B        0.27940   0.80613   0.89954     1.00000     0.05049
   0.06297   0.00150   0.00608   0.00371     0.00000     0.01110

 C11         0.34668   0.89735   1.08460     1.00000     0.02047   0.03742   0.02995   0.00009   0.00651  -0.00404    0.02906
   0.00536   0.00013   0.00056   0.00034     0.00000     0.00136   0.00183   0.00147   0.00135   0.00112   0.00121    0.00073

 C12         0.32336   1.11066   1.11761     1.00000     0.02223   0.04106   0.03118   0.00540   0.00530   0.00228    0.03147
   0.00572   0.00013   0.00057   0.00035     0.00000     0.00141   0.00191   0.00153   0.00138   0.00117   0.00128    0.00075

 H12         0.28322   1.15830   1.05977     1.00000     0.03776
                                             0.00000     0.00000

 C15         0.44033   0.97652   1.28453     1.00000     0.02291   0.04792   0.03741   0.00079   0.00037  -0.00463    0.03680
   0.00573   0.00014   0.00061   0.00038     0.00000     0.00145   0.00214   0.00174   0.00150   0.00124   0.00136    0.00083

 H15         0.48083   0.93032   1.34094     1.00000     0.04417
                                             0.00000     0.00000

 C16         0.40632   0.83242   1.16901     1.00000     0.02476   0.03233   0.03750   0.00026   0.00551   0.00171    0.03160
   0.00564   0.00014   0.00056   0.00037     0.00000     0.00148   0.00173   0.00166   0.00134   0.00124   0.00122    0.00075

 H16         0.42345   0.68858   1.14669     1.00000     0.03792
                                             0.00000     0.00000

 C13         0.35794   1.25499   1.23395     1.00000     0.04028   0.03129   0.03692  -0.00030   0.01567   0.00234    0.03507
   0.00618   0.00015   0.00060   0.00037     0.00000     0.00175   0.00169   0.00165   0.00147   0.00135   0.00143    0.00077

 H13         0.34154   1.40060   1.25510     1.00000     0.04208
                                             0.00000     0.00000

 C14         0.41690   1.18574   1.31987     1.00000     0.03431   0.04062   0.03629  -0.00467   0.00386  -0.01140    0.03747
   0.00580   0.00015   0.00059   0.00039     0.00000     0.00168   0.00204   0.00173   0.00145   0.00136   0.00141    0.00084

 H14         0.44047   1.28182   1.40155     1.00000     0.04496
                                             0.00000     0.00000



 Final Structure Factor Calculation for  anilin in P2(1)/c                                                          

 Total number of l.s. parameters =   144     Maximum vector length =  511      Memory required =   1667 /   21973

 wR2 =  0.1980 before cycle   5 for   1790 data and     0 /   144 parameters


 Summary of restraints applied in cycle    5

                 ANTIBUMP   DFIX     DANG  SAME/SADI  CHIV/Z  CHIV/NZ    FLAT     DELU     SIMU     ISOR     SUMP

        Number       0.       0.       0.       7.       0.       0.       0.       0.       0.       0.       0.

 rms sigma        0.000    0.000    0.000    0.020    0.000    0.000    0.000    0.000    0.000    0.000    0.000

 rms deviation    0.000    0.000    0.000    0.008    0.000    0.000    0.000    0.000    0.000    0.000    0.000


 GooF = S =     1.304;     Restrained GooF =      1.302  for      7 restraints

 Weight = 1 / [ sigma^2(Fo^2) + ( 0.0350 * P )^2 +   1.15 * P ]   where  P = ( Max ( Fo^2, 0 ) + 2 * Fc^2 ) / 3

 R1 =  0.0705 for   1505 Fo > 4sig(Fo)  and  0.0815 for all   1790 data
 wR2 =  0.1980,  GooF = S =   1.304,  Restrained GooF =    1.302  for all data

 Occupancy sum of asymmetric unit =   14.00 for non-hydrogen and   14.00 for hydrogen atoms



 Principal mean square atomic displacements U

   0.0455   0.0313   0.0265   N21  
   0.0328   0.0312   0.0203   C21  
   0.0425   0.0275   0.0234   C26  
   0.0504   0.0388   0.0224   C23  
   0.0411   0.0309   0.0287   C25  
   0.0446   0.0377   0.0274   C24  
   0.0445   0.0344   0.0209   C22  
   0.0474   0.0444   0.0250   N11  
   0.0383   0.0300   0.0188   C11  
   0.0435   0.0290   0.0219   C12  
   0.0494   0.0397   0.0213   C15  
   0.0377   0.0327   0.0243   C16  
   0.0458   0.0321   0.0273   C13  
   0.0493   0.0386   0.0245   C14  



 Analysis of variance for reflections employed in refinement      K = Mean[Fo^2] / Mean[Fc^2]  for group


 Fc/Fc(max)       0.000    0.009    0.017    0.026    0.036    0.047    0.061    0.077    0.104    0.152    1.000

 Number in group       197.     164.     178.     188.     173.     189.     163.     182.     178.     178.

            GooF      1.663    1.428    1.579    1.611    1.174    0.866    0.926    0.898    0.916    1.532

             K        6.815    1.807    1.486    1.246    1.096    1.009    1.017    1.008    1.004    1.021


 Resolution(A)    0.84     0.88     0.91     0.95     1.00     1.06     1.14     1.26     1.43     1.82     inf

 Number in group       186.     176.     176.     179.     178.     178.     184.     177.     176.     180.

            GooF      0.864    0.880    0.817    0.952    0.938    1.245    1.330    1.264    1.485    2.428

             K        1.029    1.013    1.030    0.977    1.003    1.023    1.003    1.002    1.043    1.029

             R1       0.121    0.106    0.083    0.100    0.085    0.069    0.065    0.066    0.077    0.077


 Recommended weighting scheme:  WGHT      0.0353      1.1500
 Note that in most cases convergence will be faster if fixed weights (e.g. the
 default WGHT 0.1) are retained until the refinement is virtually complete, and
 only then should the above recommended values be used.



 Most Disagreeable Reflections (* if suppressed or used for Rfree)

     h   k   l        Fo^2         Fc^2   Delta(F^2)/esd  Fc/Fc(max)  Resolution(A)

    -7   1   3        109.00         13.48       8.53       0.033       2.10
   -10   1   1         61.63          3.00       7.42       0.016       2.03
    -2   1   1       1050.36        419.43       7.37       0.183       4.53
     2   3   1         87.42          6.62       6.69       0.023       1.85
    10   1   1        115.42         15.44       6.68       0.035       1.86
    -5   1   3         69.43          0.00       5.51       0.000       2.32
   -16   3   1         26.97          0.06       5.50       0.002       1.11
   -16   2   3         48.88          9.95       5.47       0.028       1.18
   -12   1   1         27.91          0.10       5.37       0.003       1.72
   -11   2   1         40.64          8.47       4.75       0.026       1.63
   -14   3   1         50.37          4.42       4.72       0.019       1.21
   -17   2   1         32.94          6.42       4.57       0.023       1.17
    -5   2   5         21.60          1.05       4.47       0.009       1.42
     8   1   3         14.14          0.17       4.31       0.004       1.67
     1   2   1         78.08         19.44       4.30       0.040       2.70
    -3   3   5         64.04         19.64       4.20       0.040       1.26
     1   1   0        327.02        494.69       4.13       0.199       5.62
    -2   3   1         61.35          0.01       4.10       0.001       1.88
    11   3   1         26.61          4.94       4.09       0.020       1.32
     6   2   1         51.48          5.73       4.00       0.021       2.10
     5   3   5         15.31          0.25       3.80       0.005       1.15
     9   4   3         32.74          5.39       3.77       0.021       1.09
   -11   2   3         11.46          0.08       3.72       0.003       1.49
    -7   2   5         26.39          2.60       3.42       0.014       1.38
    11   4   1         13.95          0.01       3.39       0.001       1.13
     2   1   1       1188.63        682.37       3.30       0.234       4.16
    -9   2   1         32.10         11.00       3.23       0.030       1.85
     2   1   3        712.52        900.73       3.23       0.269       2.31
    -6   3   1         36.23         10.28       3.18       0.029       1.70
    14   2   1         58.68         27.30       3.13       0.047       1.29
     5   1   3        537.41        277.29       3.04       0.149       1.99
    14   2   3         31.81         12.21       3.04       0.031       1.13
    -4   2   1        115.10         67.23       3.02       0.073       2.51
   -23   2   1         18.96          4.43       3.02       0.019       0.89
    -5   2   1         57.45         23.33       3.01       0.043       2.38
     3   0   2      12943.60      11037.26       2.96       0.941       3.27
    -1   1   1        776.28        976.99       2.85       0.280       4.75
     1   5   3         10.57          0.24       2.85       0.004       1.07
     1   1   3        302.96        184.06       2.83       0.122       2.40
     0   1   1        169.20        113.35       2.81       0.095       4.75
   -20   2   3         39.03         18.36       2.80       0.038       1.00
     0   1   3        976.41       1181.54       2.78       0.308       2.47
    -4   1   3       1888.32       2394.87       2.75       0.438       2.40
    -9   1   3        101.52         61.66       2.71       0.070       1.88
    -4   4   5         15.45          2.44       2.69       0.014       1.09
    19   2   1         44.01         19.24       2.67       0.039       1.01
    -6   4   3         10.66          0.11       2.65       0.003       1.25
     2   2   3         60.48         27.23       2.62       0.047       1.91
    14   3   1         67.01         38.99       2.60       0.056       1.16
     0   0   4         14.27         32.78       2.53       0.051       2.04



 Bond lengths and angles

 N21 -       Distance       Angles
 C21       1.3909 (0.0040) 
               N21 -        

 C21 -       Distance       Angles
 N21       1.3909 (0.0040) 
 C26       1.3956 (0.0046)  121.65 (0.28)
 C22       1.4054 (0.0043)  120.86 (0.29) 117.38 (0.29)
               C21 -         N21           C26          

 C26 -       Distance       Angles
 C25       1.3796 (0.0046) 
 C21       1.3956 (0.0046)  121.20 (0.29)
               C26 -         C25          

 C23 -       Distance       Angles
 C22       1.3708 (0.0046) 
 C24       1.3855 (0.0051)  121.31 (0.30)
               C23 -         C22          

 C25 -       Distance       Angles
 C26       1.3796 (0.0046) 
 C24       1.3909 (0.0047)  120.80 (0.32)
               C25 -         C26          

 C24 -       Distance       Angles
 C23       1.3855 (0.0051) 
 C25       1.3909 (0.0047)  118.28 (0.31)
               C24 -         C23          

 C22 -       Distance       Angles
 C23       1.3708 (0.0046) 
 C21       1.4054 (0.0043)  121.00 (0.30)
               C22 -         C23          

 N11 -       Distance       Angles
 C11       1.3876 (0.0041) 
               N11 -        

 C11 -       Distance       Angles
 N11       1.3876 (0.0041) 
 C12       1.3899 (0.0047)  120.46 (0.28)
 C16       1.3975 (0.0042)  120.80 (0.30) 118.61 (0.28)
               C11 -         N11           C12          

 C12 -       Distance       Angles
 C13       1.3879 (0.0046) 
 C11       1.3899 (0.0047)  120.88 (0.29)
               C12 -         C13          

 C15 -       Distance       Angles
 C14       1.3750 (0.0051) 
 C16       1.3781 (0.0044)  121.40 (0.30)
               C15 -         C14          

 C16 -       Distance       Angles
 C15       1.3781 (0.0044) 
 C11       1.3975 (0.0042)  120.17 (0.30)
               C16 -         C15          

 C13 -       Distance       Angles
 C12       1.3879 (0.0046) 
 C14       1.3967 (0.0047)  119.87 (0.32)
               C13 -         C12          

 C14 -       Distance       Angles
 C15       1.3750 (0.0051) 
 C13       1.3967 (0.0047)  119.05 (0.30)
               C14 -         C15          


 Hydrogen bonds with  H..A < r(A) + 2.000 Angstroms  and  <DHA > 110 deg.

 D-H           d(D-H)   d(H..A)   <DHA    d(D..A)   A

 N21-H21A       0.911

 N21-H21B       0.904    2.492   154.15    3.329    N11 [ x, y, z-1 ]

 N11-H11A       0.901

 N11-H11B       0.901    2.346   154.60    3.184    N21 [ x, -y+3/2, z+1/2 ]


 FMAP and GRID set by program

 FMAP   2   2  15
 GRID    20.833  -2  -1     4.167   2   1

 R1 =  0.0815 for   1790 unique reflections after merging for Fourier


 Electron density synthesis with coefficients Fo-Fc

 Highest peak    0.26  at  0.1756  0.3642  0.2492  [  1.51 A from H25 ]
 Deepest hole   -0.23  at  0.4847  0.5484  0.5152  [  1.91 A from H14 ]

 Mean =    0.00,   Rms deviation from mean =    0.06 e/A^3,   Highest memory used =  1934 / 20151


 Fourier peaks appended to .res file

              x       y       z       sof     U      Peak   Distances to nearest atoms (including symmetry equivalents)

 Q1    1   0.1756  1.3642  0.2492   1.00000  0.05    0.26   1.51 H25  1.61 C25  1.68 H26  1.70 C26
 Q2    1   0.0806  1.1479  0.5232   1.00000  0.05    0.25   0.94 H24  1.01 C24  1.83 C23  2.02 C25
 Q3    1   0.0836  0.8313  0.3529   1.00000  0.05    0.23   0.78 C22  0.90 C23  1.38 H22  1.49 H23
 Q4    1   0.1527  0.5783  0.2504   1.00000  0.05    0.21   1.28 H21A  1.36 N21  1.70 C21  1.70 H22
 Q5    1   0.0924  0.6531  0.2650   1.00000  0.05    0.21   0.41 H22  0.93 C22  1.88 C21  2.07 C23
 Q6    1   0.3365  0.8915  0.9434   1.00000  0.05    0.21   1.09 N11  1.15 C11  1.32 H11B  1.52 H11A
 Q7    1   0.4541  1.1339  1.5417   1.00000  0.05    0.20   1.43 H14  1.60 H15  1.89 C14  2.22 H15
 Q8    1   0.4133  1.0339  1.3611   1.00000  0.05    0.20   0.96 C14  1.00 C15  1.57 H14  1.62 H15
 Q9    1   0.1320  0.8123  0.3249   1.00000  0.05    0.20   0.85 C22  0.95 C21  1.55 H22  1.82 C23
 Q10   1   0.4832  0.9173  1.5023   1.00000  0.05    0.20   1.34 H15  1.64 H15  1.90 C15  2.02 H16
 Q11   1   0.0091  0.8879  0.4733   1.00000  0.05    0.20   1.03 H23  1.72 C23  1.93 H24  1.99 H23
 Q12   1   0.4470  1.1342  1.2239   1.00000  0.05    0.19   1.07 C15  1.16 C14  1.62 H15  1.74 H14
 Q13   1   0.1573  0.8742  0.0098   1.00000  0.05    0.18   1.63 H21B  1.65 H25  1.76 N21  1.87 H21A
 Q14   1  -0.0301  0.9154  0.4474   1.00000  0.05    0.18   1.41 H23  1.54 H24  1.87 H23  1.91 C24
 Q15   1   0.3536  1.0570  1.0325   1.00000  0.05    0.18   1.05 C11  1.10 C12  1.69 H12  1.95 C16
 Q16   1   0.4177  0.9578  1.4639   1.00000  0.05    0.17   1.66 C15  1.73 H16  1.79 C14  1.87 H15
 Q17   1   0.0859  0.9987  0.4401   1.00000  0.05    0.17   0.90 C23  1.04 C24  1.56 H23  1.69 H24
 Q18   1   0.3333  1.0682  1.2442   1.00000  0.05    0.17   1.06 C12  1.22 C13  1.73 C11  1.78 H12
 Q19   1   0.1589  1.2160  0.3006   1.00000  0.05    0.16   0.81 C25  0.89 C26  1.35 H25  1.43 H26
 Q20   1   0.3806  1.2076  1.3904   1.00000  0.05    0.16   1.08 C14  1.33 C13  1.35 H14  1.70 H13

 Shortest distances between peaks (including symmetry equivalents)

     11  14  0.85      8  16  0.95      1  19  1.06      3   9  1.12      2  17  1.13      3  17  1.21     10  10  1.21
      2  14  1.22      6  15  1.23      8  20  1.29      5   9  1.30      3   5  1.31      1   4  1.34     11  14  1.36
      7  16  1.38      4   5  1.40     10  16  1.41     11  11  1.46      7  10  1.48      7  10  1.50      8  12  1.58
      4   9  1.60     18  20  1.64      7   8  1.69     16  20  1.72     14  14  1.73     14  17  1.74      8  18  1.82
     11  17  1.85      8  10  1.86      9  17  1.86      9  13  1.88      7  20  1.88     15  18  1.90      2  11  1.96
     15  20  1.97      7  12  2.06      3  11  2.08      2  11  2.15      4  19  2.15      4  13  2.16      3  13  2.21
     12  20  2.22     10  16  2.23      5  13  2.25      8  10  2.33      2   3  2.34     12  15  2.36      3   4  2.37
     11  17  2.40     16  18  2.41     12  16  2.44      5  14  2.44      9  19  2.44     17  19  2.48      1   5  2.49
     10  12  2.50      1   2  2.50      5  17  2.51     12  18  2.53     14  17  2.57      2   4  2.57      6  20  2.59
      7  12  2.62     10  12  2.62      2   5  2.64      3  14  2.65      4  13  2.66     13  17  2.67      6  16  2.67
      2  19  2.70      6  18  2.72      2  14  2.72      7   7  2.72      5  11  2.74      1  13  2.74      4  17  2.74
      2  19  2.77      3  14  2.77      8  15  2.79      9  13  2.80     10  20  2.81      7  15  2.81      5  17  2.82
      7  16  2.84      3  19  2.86      1   9  2.89      5  19  2.91      2   9  2.92     13  19  2.96      7   8  2.99
      4  14  2.99


 Time profile in seconds
 -----------------------

      0.00: Read and process instructions
      0.00: Fit rigid groups
      0.00: Interpret restraints etc.
      0.00: Generate connectivity array
      0.00: Analyse DFIX/DANG restraints
      0.00: Analyse SAME/SADI restraints
      0.00: Generate CHIV restraints
      0.00: Check if bonds in residues restrained
      0.00: Generate DELU restraints
      0.00: Generate SIMU restraints
      0.00: Generate ISOR restraints
      0.00: Generate NCSY restraints
      0.00: Analyse other restraints etc.
      0.03: Read intensity data, sort/merge etc.
      0.00: Set up constraints
      0.00: OSF, H-atoms from difference map
      0.00: Set up l.s. refinement
      0.00: Generate idealized H-atoms
      0.10: Structure factors and derivatives
      0.05: Sum l.s. matrices
      0.00: Generate and apply antibumping restraints
      0.00: Apply other restraints
      0.01: Solve l.s. equations
      0.00: Generate HTAB table
      0.00: Other dependent quantities, CIF, tables
      0.02: Analysis of variance
      0.01: Merge reflections for Fourier and .fcf
      0.00: Fourier summations
      0.01: Peaksearch
      0.00: Analyse peaklist

 +++++++++++++++++++++++++++++++++++++++++++++++++++++++++++++++++++++++++++++
 +  anilin        finished at 18:44:56   Total elapsed time:       0.2 secs  +
 +++++++++++++++++++++++++++++++++++++++++++++++++++++++++++++++++++++++++++++
